[M::main::13.021*0.99] loaded/built the index for 455 target sequence(s)
[M::mm_mapopt_update::15.080*0.99] mid_occ = 728
[M::mm_idx_stat] kmer size: 15; skip: 10; is_hpc: 0; #seq: 455
[M::mm_idx_stat::16.414*0.99] distinct minimizers: 100202295 (37.96% are singletons); average occurrences: 5.732; average spacing: 5.587; total length: 3209286105
minimizers: 0.058
minimizers: 0.052
minimizers: 0.119
minimizers: 0.110
minimizers: 0.115
minimizers: 0.153
minimizers: 0.126
minimizers: 0.140
minimizers: 0.139
minimizers: 0.119
minimizers: 0.233
minimizers: 0.237
minimizers: 0.233
minimizers: 0.316
minimizers: 0.360
minimizers: 0.361
seed hits: 0.492
chains: 0.045
aligning 0.000
minimizers: 0.203
seed hits: 2.187
seed hits: 2.428
seed hits: 2.472
seed hits: 2.785
seed hits: 2.782
seed hits: 2.889
seed hits: 3.016
chains: 0.822
seed hits: 3.181
chains: 0.866
seed hits: 3.344
chains: 1.331
chains: 1.018
chains: 1.073
chains: 1.180
chains: 1.198
seed hits: 4.174
seed hits: 4.159
chains: 1.070
chains: 1.347
seed hits: 4.438
aligning 1.513
minimizers: 0.241
seed hits: 4.821
aligning 1.256
minimizers: 0.057
seed hits: 4.418
chains: 1.536
aligning 2.299
chains: 1.991
minimizers: 0.116
aligning 2.358
seed hits: 1.384
minimizers: 0.168
chains: 2.136
aligning 3.467
aligning 2.320
chains: 0.502
minimizers: 0.099
minimizers: 0.268
chains: 2.368
aligning 3.615
minimizers: 0.194
aligning 0.972
minimizers: 0.278
seed hits: 1.362
chains: 0.367
aligning 0.001
minimizers: 0.070
seed hits: 9.014
seed hits: 2.946
aligning 3.135
minimizers: 0.129
seed hits: 9.485
chains: 4.725
seed hits: 3.481
seed hits: 1.398
seed hits: 5.416
seed hits: 2.630
chains: 0.971
chains: 0.421
seed hits: 1.415
chains: 0.956
aligning 4.635
chains: 1.354
aligning 4.008
minimizers: 0.129
minimizers: 0.130
chains: 0.633
aligning 1.559
minimizers: 0.088
chains: 2.519
aligning 2.490
aligning 1.220
minimizers: 0.076
seed hits: 5.913
minimizers: 0.258
aligning 2.277
minimizers: 0.005
chains: 4.674
aligning 2.871
seed hits: 1.885
minimizers: 0.249
seed hits: 6.443
seed hits: 3.074
seed hits: 1.848
chains: 0.637
chains: 5.163
seed hits: 1.361
aligning 11.176
chains: 0.342
seed hits: 4.144
minimizers: 0.245
chains: 1.308
aligning 10.444
aligning 1.651
minimizers: 0.245
aligning 3.850
minimizers: 0.003
minimizers: 0.344
aligning 1.376
chains: 1.332
minimizers: 0.096
chains: 4.115
seed hits: 3.167
seed hits: 0.957
chains: 0.301
chains: 3.427
seed hits: 1.244
seed hits: 5.299
aligning 2.551
chains: 0.388
minimizers: 0.248
chains: 1.268
aligning 1.066
aligning 5.623
aligning 1.803
minimizers: 0.214
minimizers: 0.295
minimizers: 0.391
aligning 5.824
minimizers: 0.060
aligning 11.364
minimizers: 0.101
chains: 3.121
aligning 4.502
minimizers: 0.149
aligning 3.832
seed hits: 6.322
seed hits: 5.533
seed hits: 1.257
minimizers: 0.224
chains: 0.363
aligning 4.121
minimizers: 0.175
seed hits: 6.393
aligning 0.764
aligning 6.125
minimizers: 0.130
minimizers: 0.257
seed hits: 4.216
chains: 2.110
chains: 2.254
seed hits: 5.541
aligning 2.777
minimizers: 0.168
seed hits: 3.364
chains: 0.529
aligning 20.281
minimizers: 0.048
seed hits: 3.221
chains: 0.930
chains: 0.759
seed hits: 0.888
chains: 2.517
seed hits: 6.278
chains: 1.946
chains: 0.953
aligning 2.551
minimizers: 0.004
seed hits: 3.304
aligning 2.872
aligning 2.742
minimizers: 0.280
minimizers: 0.142
aligning 2.185
minimizers: 0.105
seed hits: 1.229
aligning 1.570
chains: 0.249
seed hits: 8.004
minimizers: 0.057
seed hits: 5.383
seed hits: 6.837
chains: 2.366
chains: 14.937
aligning 1.478
minimizers: 0.115
aligning 3.659
chains: 3.771
seed hits: 1.746
minimizers: 0.137
aligning 4.882
chains: 0.420
chains: 1.974
minimizers: 0.072
seed hits: 3.178
seed hits: 3.533
chains: 3.210
chains: 1.165
seed hits: 8.446
seed hits: 2.155
seed hits: 7.541
aligning 1.573
minimizers: 0.006
chains: 0.834
chains: 3.342
seed hits: 6.416
seed hits: 3.248
aligning 2.078
aligning 4.814
minimizers: 0.094
minimizers: 0.278
seed hits: 2.134
aligning 4.504
chains: 1.070
chains: 2.942
minimizers: 0.338
aligning 4.466
minimizers: 0.099
chains: 0.947
seed hits: 1.465
chains: 0.084
aligning 0.014
seed hits: 5.618
minimizers: 0.182
chains: 4.274
chains: 2.449
aligning 4.303
seed hits: 1.676
aligning 1.529
minimizers: 0.149
chains: 0.189
minimizers: 0.221
aligning 5.708
minimizers: 0.109
aligning 2.468
minimizers: 0.176
chains: 1.974
aligning 6.196
minimizers: 0.064
aligning 1.897
minimizers: 0.052
seed hits: 3.679
seed hits: 1.212
chains: 0.648
seed hits: 3.139
aligning 2.770
aligning 4.349
minimizers: 0.216
seed hits: 1.670
minimizers: 0.164
aligning 5.916
seed hits: 4.152
aligning 11.398
chains: 0.462
seed hits: 3.610
minimizers: 0.293
chains: 0.774
minimizers: 0.164
aligning 1.300
minimizers: 0.067
chains: 1.183
chains: 1.029
seed hits: 8.351
aligning 17.105
seed hits: 7.896
minimizers: 0.127
aligning 1.953
seed hits: 6.258
minimizers: 0.218
chains: 3.770
seed hits: 3.481
seed hits: 2.758
aligning 3.207
minimizers: 0.246
chains: 0.591
aligning 0.002
seed hits: 4.140
minimizers: 0.160
aligning 2.730
chains: 2.388
aligning 3.072
chains: 1.144
minimizers: 0.390
minimizers: 0.165
chains: 3.122
seed hits: 4.565
seed hits: 3.293
chains: 1.611
chains: 3.482
chains: 0.765
seed hits: 2.337
seed hits: 6.687
chains: 0.703
chains: 2.145
seed hits: 4.600
aligning 2.713
minimizers: 0.091
aligning 3.749
aligning 4.165
seed hits: 4.149
minimizers: 0.127
minimizers: 0.185
aligning 4.509
aligning 1.764
chains: 1.841
minimizers: 0.135
minimizers: 0.359
aligning 3.490
chains: 2.542
aligning 6.871
minimizers: 0.067
aligning 2.547
minimizers: 0.155
seed hits: 6.236
minimizers: 0.384
chains: 1.445
aligning 2.740
minimizers: 0.303
aligning 2.560
seed hits: 4.393
seed hits: 3.923
chains: 3.110
minimizers: 0.332
seed hits: 4.411
seed hits: 4.533
chains: 0.601
chains: 0.892
seed hits: 4.346
aligning 4.436
seed hits: 9.645
chains: 1.208
minimizers: 0.324
aligning 8.558
chains: 1.705
minimizers: 0.333
chains: 1.326
seed hits: 5.849
seed hits: 6.697
aligning 3.566
aligning 2.414
minimizers: 0.272
aligning 2.004
minimizers: 0.374
minimizers: 0.194
seed hits: 5.463
chains: 3.768
chains: 2.543
chains: 2.389
aligning 3.072
minimizers: 0.060
seed hits: 8.524
aligning 4.825
minimizers: 0.180
seed hits: 1.212
chains: 2.456
chains: 0.465
seed hits: 3.810
aligning 0.773
aligning 3.161
minimizers: 0.352
minimizers: 0.172
seed hits: 7.190
chains: 3.359
chains: 1.514
aligning 4.889
minimizers: 0.067
seed hits: 5.939
aligning 4.596
seed hits: 8.122
minimizers: 0.442
seed hits: 10.826
chains: 1.829
aligning 2.334
minimizers: 0.003
chains: 3.790
seed hits: 4.030
seed hits: 6.848
aligning 5.911
seed hits: 3.167
minimizers: 0.238
seed hits: 1.425
chains: 3.254
seed hits: 9.344
chains: 0.366
chains: 1.254
chains: 0.837
aligning 5.310
aligning 0.674
minimizers: 0.004
minimizers: 0.292
chains: 2.531
seed hits: 0.796
chains: 0.067
aligning 0.000
minimizers: 0.121
aligning 1.819
aligning 1.825
minimizers: 0.242
chains: 4.986
minimizers: 0.379
seed hits: 0.129
chains: 0.000
aligning 0.002
minimizers: 0.183
aligning 3.827
aligning 16.083
minimizers: 0.235
minimizers: 0.128
seed hits: 8.328
chains: 3.897
seed hits: 2.102
seed hits: 4.783
aligning 6.166
minimizers: 0.177
chains: 0.626
aligning 4.938
minimizers: 0.233
chains: 2.595
aligning 1.243
minimizers: 0.252
chains: 1.984
seed hits: 3.375
aligning 5.094
seed hits: 10.166
minimizers: 0.256
seed hits: 2.202
chains: 0.471
seed hits: 4.823
chains: 1.443
seed hits: 5.354
seed hits: 7.446
aligning 5.043
minimizers: 0.004
aligning 6.538
minimizers: 0.056
seed hits: 5.054
chains: 1.738
aligning 3.595
aligning 1.862
aligning 4.072
minimizers: 0.003
minimizers: 0.119
chains: 3.099
chains: 2.019
minimizers: 0.308
seed hits: 1.093
seed hits: 1.284
chains: 0.172
aligning 0.000
minimizers: 0.119
seed hits: 0.945
seed hits: 4.802
chains: 0.187
seed hits: 9.227
chains: 3.202
aligning 0.656
chains: 2.436
aligning 43.460
minimizers: 0.071
minimizers: 0.373
chains: 1.588
aligning 3.111
seed hits: 2.874
minimizers: 0.255
aligning 5.312
seed hits: 2.693
minimizers: 0.126
aligning 3.390
minimizers: 0.202
chains: 0.952
seed hits: 7.210
chains: 1.509
seed hits: 2.564
aligning 2.995
minimizers: 0.004
chains: 0.428
chains: 3.980
aligning 3.355
aligning 4.131
minimizers: 0.123
aligning 2.213
aligning 6.151
minimizers: 0.250
aligning 1.528
minimizers: 0.193
minimizers: 0.160
minimizers: 0.339
seed hits: 1.686
seed hits: 3.960
chains: 2.968
chains: 0.538
aligning 2.467
minimizers: 0.130
chains: 7.548
seed hits: 7.913
aligning 1.076
chains: 1.325
minimizers: 0.181
seed hits: 6.405
seed hits: 3.318
seed hits: 1.981
chains: 0.637
seed hits: 6.854
aligning 4.950
minimizers: 0.123
chains: 1.509
aligning 2.393
minimizers: 0.004
seed hits: 4.450
seed hits: 2.346
seed hits: 4.775
chains: 3.283
seed hits: 9.156
chains: 0.548
chains: 2.211
aligning 4.398
minimizers: 0.075
aligning 1.494
minimizers: 0.131
seed hits: 1.203
seed hits: 6.281
chains: 0.384
chains: 1.631
chains: 1.900
aligning 2.143
seed hits: 2.421
minimizers: 0.109
aligning 0.849
minimizers: 0.055
chains: 3.212
chains: 2.454
chains: 1.008
seed hits: 1.148
seed hits: 2.769
seed hits: 2.389
chains: 0.248
seed hits: 1.294
chains: 2.378
chains: 0.500
chains: 0.912
chains: 0.953
aligning 4.004
minimizers: 0.192
aligning 1.645
aligning 3.379
minimizers: 0.260
minimizers: 0.244
aligning 1.214
minimizers: 0.223
aligning 5.314
minimizers: 0.004
seed hits: 10.605
aligning 3.455
aligning 1.814
aligning 2.047
minimizers: 0.134
minimizers: 0.170
aligning 2.802
seed hits: 2.036
minimizers: 0.313
seed hits: 0.996
chains: 0.240
aligning 0.001
chains: 0.229
aligning 5.341
aligning 0.718
aligning 3.964
aligning 7.904
seed hits: 3.441
seed hits: 2.903
seed hits: 4.291
seed hits: 4.021
chains: 1.227
chains: 1.164
seed hits: 4.046
chains: 1.350
aligning 14.474
aligning 8.554
chains: 1.023
aligning 1.642
aligning 1.264
seed hits: 5.319
aligning 1.323
chains: 1.040
aligning 1.639
chains: 4.268
aligning 1.448
aligning 1.246
chains: 16.065
aligning 3.498
chains: 88.493
aligning 3.985
[M::worker_pipeline::143.580*1.02] mapped 151 sequences
[M::main] Version: 2.17-r974-dirty
[M::main] CMD: /home/sacheung/minimap2/./minimap2 -2 -ax map-ont -t 16 test/hg38.fa.mmi test/long_3_UL_file
[M::main] Real time: 143.952 sec; CPU: 146.942 sec; Peak RSS: 11.435 GB
